<?xml version="1.0" encoding="UTF-8"?>
<!-- Generated by org.testng.reporters.JUnitReportReporter -->
<testsuite hostname="Sasikumar" failures="0" tests="11" name="cucumberOptions.VegeatableTestNGRunner" time="4.907" errors="0" timestamp="2023-10-06T22:48:59 IST" skipped="0">
  <testcase classname="cucumberOptions.VegeatableTestNGRunner" name="runScenario" time="0.224"/>
  <testcase classname="cucumberOptions.VegeatableTestNGRunner" name="runScenario" time="4.564"/>
  <testcase classname="cucumberOptions.VegeatableTestNGRunner" name="runScenario" time="0.024"/>
  <testcase classname="cucumberOptions.VegeatableTestNGRunner" name="runScenario" time="0.009"/>
  <testcase classname="cucumberOptions.VegeatableTestNGRunner" name="runScenario" time="0.008"/>
  <testcase classname="cucumberOptions.VegeatableTestNGRunner" name="runScenario" time="0.008"/>
  <testcase classname="cucumberOptions.VegeatableTestNGRunner" name="runScenario" time="0.013"/>
  <testcase classname="cucumberOptions.VegeatableTestNGRunner" name="runScenario" time="0.015"/>
  <testcase classname="cucumberOptions.VegeatableTestNGRunner" name="runScenario" time="0.010"/>
  <testcase classname="cucumberOptions.VegeatableTestNGRunner" name="runScenario" time="0.016"/>
  <testcase classname="cucumberOptions.VegeatableTestNGRunner" name="runScenario" time="0.016"/>
</testsuite> <!-- cucumberOptions.VegeatableTestNGRunner -->
