<?xml version="1.0" encoding="UTF-8"?>
<!-- Generated by org.testng.reporters.JUnitReportReporter -->
<testsuite hostname="Sasikumar" failures="0" tests="3" name="cucumberOptions.TestNGTestRunner" time="0.072" errors="0" timestamp="2023-10-04T13:49:55 IST" skipped="0">
  <testcase classname="cucumberOptions.TestNGTestRunner" name="runScenario" time="0.003"/>
  <testcase classname="cucumberOptions.TestNGTestRunner" name="runScenario" time="0.007"/>
  <testcase classname="cucumberOptions.TestNGTestRunner" name="runScenario" time="0.062"/>
</testsuite> <!-- cucumberOptions.TestNGTestRunner -->
