<?xml version="1.0" encoding="UTF-8"?>
<!-- Generated by org.testng.reporters.JUnitReportReporter -->
<testsuite hostname="Sasikumar" failures="0" tests="4" name="cucumberOptions.TestNGTestRunner" time="0.099" errors="0" timestamp="2023-10-04T03:17:44 IST" skipped="0">
  <testcase classname="cucumberOptions.TestNGTestRunner" name="runScenario" time="0.006"/>
  <testcase classname="cucumberOptions.TestNGTestRunner" name="runScenario" time="0.004"/>
  <testcase classname="cucumberOptions.TestNGTestRunner" name="runScenario" time="0.004"/>
  <testcase classname="cucumberOptions.TestNGTestRunner" name="runScenario" time="0.085"/>
</testsuite> <!-- cucumberOptions.TestNGTestRunner -->
