<?xml version="1.0" encoding="UTF-8"?>
<!-- Generated by org.testng.reporters.JUnitReportReporter -->
<testsuite hostname="Sasikumar" failures="0" tests="1" name="cucumberOptions.TestNGTestRunner" time="0.075" errors="0" timestamp="2023-10-04T02:00:03 IST" skipped="0">
  <testcase classname="cucumberOptions.TestNGTestRunner" name="runScenario" time="0.075"/>
</testsuite> <!-- cucumberOptions.TestNGTestRunner -->
