<?xml version="1.0" encoding="UTF-8"?>
<!-- Generated by org.testng.reporters.JUnitReportReporter -->
<testsuite hostname="Sasikumar" failures="0" tests="11" name="cucumberOptions.VegeatableTestNGRunner" time="5.365" errors="0" timestamp="2023-10-08T05:16:17 IST" skipped="0">
  <testcase classname="cucumberOptions.VegeatableTestNGRunner" name="runScenario" time="0.010"/>
  <testcase classname="cucumberOptions.VegeatableTestNGRunner" name="runScenario" time="0.013"/>
  <testcase classname="cucumberOptions.VegeatableTestNGRunner" name="runScenario" time="5.154"/>
  <testcase classname="cucumberOptions.VegeatableTestNGRunner" name="runScenario" time="0.142"/>
  <testcase classname="cucumberOptions.VegeatableTestNGRunner" name="runScenario" time="0.006"/>
  <testcase classname="cucumberOptions.VegeatableTestNGRunner" name="runScenario" time="0.006"/>
  <testcase classname="cucumberOptions.VegeatableTestNGRunner" name="runScenario" time="0.006"/>
  <testcase classname="cucumberOptions.VegeatableTestNGRunner" name="runScenario" time="0.006"/>
  <testcase classname="cucumberOptions.VegeatableTestNGRunner" name="runScenario" time="0.009"/>
  <testcase classname="cucumberOptions.VegeatableTestNGRunner" name="runScenario" time="0.007"/>
  <testcase classname="cucumberOptions.VegeatableTestNGRunner" name="runScenario" time="0.006"/>
</testsuite> <!-- cucumberOptions.VegeatableTestNGRunner -->
