<?xml version="1.0" encoding="UTF-8"?>
<!-- Generated by org.testng.reporters.JUnitReportReporter -->
<testsuite hostname="Sasikumar" failures="0" tests="11" name="cucumberOptions.VegeatableTestNGRunner" time="4.473" errors="0" timestamp="2023-10-08T22:54:54 IST" skipped="0">
  <testcase classname="cucumberOptions.VegeatableTestNGRunner" name="runScenario" time="0.016"/>
  <testcase classname="cucumberOptions.VegeatableTestNGRunner" name="runScenario" time="0.021"/>
  <testcase classname="cucumberOptions.VegeatableTestNGRunner" name="runScenario" time="0.172"/>
  <testcase classname="cucumberOptions.VegeatableTestNGRunner" name="runScenario" time="0.010"/>
  <testcase classname="cucumberOptions.VegeatableTestNGRunner" name="runScenario" time="0.013"/>
  <testcase classname="cucumberOptions.VegeatableTestNGRunner" name="runScenario" time="0.013"/>
  <testcase classname="cucumberOptions.VegeatableTestNGRunner" name="runScenario" time="0.009"/>
  <testcase classname="cucumberOptions.VegeatableTestNGRunner" name="runScenario" time="0.010"/>
  <testcase classname="cucumberOptions.VegeatableTestNGRunner" name="runScenario" time="0.011"/>
  <testcase classname="cucumberOptions.VegeatableTestNGRunner" name="runScenario" time="0.011"/>
  <testcase classname="cucumberOptions.VegeatableTestNGRunner" name="runScenario" time="4.187"/>
</testsuite> <!-- cucumberOptions.VegeatableTestNGRunner -->
