<?xml version="1.0" encoding="UTF-8"?>
<!-- Generated by org.testng.reporters.JUnitReportReporter -->
<testsuite hostname="Sasikumar" failures="0" tests="11" name="cucumberOptions.SerachVegetableRunner" time="12.515" errors="0" timestamp="2023-10-04T23:52:35 IST" skipped="0">
  <testcase classname="cucumberOptions.SerachVegetableRunner" name="runScenario" time="12.116"/>
  <testcase classname="cucumberOptions.SerachVegetableRunner" name="runScenario" time="0.018"/>
  <testcase classname="cucumberOptions.SerachVegetableRunner" name="runScenario" time="0.017"/>
  <testcase classname="cucumberOptions.SerachVegetableRunner" name="runScenario" time="0.015"/>
  <testcase classname="cucumberOptions.SerachVegetableRunner" name="runScenario" time="0.018"/>
  <testcase classname="cucumberOptions.SerachVegetableRunner" name="runScenario" time="0.017"/>
  <testcase classname="cucumberOptions.SerachVegetableRunner" name="runScenario" time="0.031"/>
  <testcase classname="cucumberOptions.SerachVegetableRunner" name="runScenario" time="0.235"/>
  <testcase classname="cucumberOptions.SerachVegetableRunner" name="runScenario" time="0.014"/>
  <testcase classname="cucumberOptions.SerachVegetableRunner" name="runScenario" time="0.016"/>
  <testcase classname="cucumberOptions.SerachVegetableRunner" name="runScenario" time="0.018"/>
</testsuite> <!-- cucumberOptions.SerachVegetableRunner -->
