<?xml version="1.0" encoding="UTF-8"?>
<!-- Generated by org.testng.reporters.JUnitReportReporter -->
<testsuite hostname="Sasikumar" failures="2" tests="6" name="cucumberOptions.TestNGTestRunner" time="0.161" errors="0" timestamp="2023-10-04T14:52:17 IST" skipped="0">
  <testcase classname="cucumberOptions.TestNGTestRunner" name="runScenario" time="0.032">
    <failure message="expected [true] but found [false]" type="java.lang.AssertionError">
      <![CDATA[java.lang.AssertionError: expected [true] but found [false]
at org.testng.Assert.fail(Assert.java:111)
at org.testng.Assert.failNotEquals(Assert.java:1578)
at org.testng.Assert.assertTrue(Assert.java:57)
at org.testng.Assert.assertTrue(Assert.java:67)
at stepDefinitions.StepDefinitions.user_is_on_practice_landing_page(StepDefinitions.java:52)
at ✽.User is on Practice landing page(file:///C:/Users/kakar/git/repository26/JavaCucumber/src/test/java/features/firstProgram.feature:35)
]]>
    </failure>
  </testcase> <!-- runScenario -->
  <testcase classname="cucumberOptions.TestNGTestRunner" name="runScenario" time="0.089"/>
  <testcase classname="cucumberOptions.TestNGTestRunner" name="runScenario" time="0.007"/>
  <testcase classname="cucumberOptions.TestNGTestRunner" name="runScenario" time="0.012"/>
  <testcase classname="cucumberOptions.TestNGTestRunner" name="runScenario" time="0.011"/>
  <testcase classname="cucumberOptions.TestNGTestRunner" name="runScenario" time="0.010">
    <failure message="expected [true] but found [false]" type="java.lang.AssertionError">
      <![CDATA[java.lang.AssertionError: expected [true] but found [false]
at org.testng.Assert.fail(Assert.java:111)
at org.testng.Assert.failNotEquals(Assert.java:1578)
at org.testng.Assert.assertTrue(Assert.java:57)
at org.testng.Assert.assertTrue(Assert.java:67)
at stepDefinitions.StepDefinitions.user_is_on_practice_landing_page(StepDefinitions.java:52)
at ✽.User is on Practice landing page(file:///C:/Users/kakar/git/repository26/JavaCucumber/src/test/java/features/firstProgram2.feature:35)
]]>
    </failure>
  </testcase> <!-- runScenario -->
</testsuite> <!-- cucumberOptions.TestNGTestRunner -->
